# JRE version: Java(TM) SE Runtime Environment 18.9 (11.0.17+10) (build 11.0.17+10-LTS-269)
# Java VM: Java HotSpot(TM) 64-Bit Server VM 18.9 (11.0.17+10-LTS-269, mixed mode, tiered, compressed oops, g1 gc, bsd-aarch64)
Heap:
 garbage-first heap   total 138240K, used 3549K [0x0000000780000000, 0x00000007c0000000)
  region size 1024K, 2 young (2048K), 1 survivors (1024K)
 Metaspace       used 7716K, capacity 7877K, committed 7936K, reserved 1056768K
  class space    used 694K, capacity 752K, committed 768K, reserved 1048576K
GC Heap History (10 events):
Event: 0.140 GC heap before
{Heap before GC invocations=2 (full 1):
 garbage-first heap   total 14336K, used 5154K [0x0000000780000000, 0x00000007c0000000)
  region size 1024K, 4 young (4096K), 1 survivors (1024K)
 Metaspace       used 7699K, capacity 7813K, committed 7936K, reserved 1056768K
  class space    used 694K, capacity 752K, committed 768K, reserved 1048576K
}
Event: 0.140 GC heap after
{Heap after GC invocations=3 (full 1):
 garbage-first heap   total 14336K, used 2406K [0x0000000780000000, 0x00000007c0000000)
  region size 1024K, 1 young (1024K), 1 survivors (1024K)
 Metaspace       used 7699K, capacity 7813K, committed 7936K, reserved 1056768K
  class space    used 694K, capacity 752K, committed 768K, reserved 1048576K
}
Event: 0.144 GC heap before
{Heap before GC invocations=3 (full 1):
 garbage-first heap   total 14336K, used 5478K [0x0000000780000000, 0x00000007c0000000)
  region size 1024K, 4 young (4096K), 1 survivors (1024K)
 Metaspace       used 7702K, capacity 7813K, committed 7936K, reserved 1056768K
  class space    used 694K, capacity 752K, committed 768K, reserved 1048576K
}
Event: 0.144 GC heap after
{Heap after GC invocations=4 (full 1):
 garbage-first heap   total 14336K, used 2587K [0x0000000780000000, 0x00000007c0000000)
  region size 1024K, 1 young (1024K), 1 survivors (1024K)
 Metaspace       used 7702K, capacity 7813K, committed 7936K, reserved 1056768K
  class space    used 694K, capacity 752K, committed 768K, reserved 1048576K
}
Event: 0.146 GC heap before
{Heap before GC invocations=4 (full 1):
 garbage-first heap   total 14336K, used 5659K [0x0000000780000000, 0x00000007c0000000)
  region size 1024K, 4 young (4096K), 1 survivors (1024K)
 Metaspace       used 7704K, capacity 7813K, committed 7936K, reserved 1056768K
  class space    used 694K, capacity 752K, committed 768K, reserved 1048576K
}
Event: 0.147 GC heap after
{Heap after GC invocations=5 (full 1):
 garbage-first heap   total 14336K, used 2922K [0x0000000780000000, 0x00000007c0000000)
  region size 1024K, 1 young (1024K), 1 survivors (1024K)
 Metaspace       used 7704K, capacity 7813K, committed 7936K, reserved 1056768K
  class space    used 694K, capacity 752K, committed 768K, reserved 1048576K
}
Event: 0.149 GC heap before
{Heap before GC invocations=5 (full 1):
 garbage-first heap   total 14336K, used 5994K [0x0000000780000000, 0x00000007c0000000)
  region size 1024K, 4 young (4096K), 1 survivors (1024K)
 Metaspace       used 7710K, capacity 7813K, committed 7936K, reserved 1056768K
  class space    used 694K, capacity 752K, committed 768K, reserved 1048576K
}
Event: 0.149 GC heap after
{Heap after GC invocations=6 (full 1):
 garbage-first heap   total 14336K, used 3220K [0x0000000780000000, 0x00000007c0000000)
  region size 1024K, 1 young (1024K), 1 survivors (1024K)
 Metaspace       used 7710K, capacity 7813K, committed 7936K, reserved 1056768K
  class space    used 694K, capacity 752K, committed 768K, reserved 1048576K
}
Event: 0.151 GC heap before
{Heap before GC invocations=6 (full 1):
 garbage-first heap   total 14336K, used 6292K [0x0000000780000000, 0x00000007c0000000)
  region size 1024K, 4 young (4096K), 1 survivors (1024K)
 Metaspace       used 7716K, capacity 7877K, committed 7936K, reserved 1056768K
  class space    used 694K, capacity 752K, committed 768K, reserved 1048576K
}
Event: 0.151 GC heap after
{Heap after GC invocations=7 (full 1):
 garbage-first heap   total 138240K, used 3549K [0x0000000780000000, 0x00000007c0000000)
  region size 1024K, 1 young (1024K), 1 survivors (1024K)
 Metaspace       used 7716K, capacity 7877K, committed 7936K, reserved 1056768K
  class space    used 694K, capacity 752K, committed 768K, reserved 1048576K
}

